{"/Users/Scarecrow/Documents/Projects/sky-webpack4/app/js/main.js": {"path":"/Users/Scarecrow/Documents/Projects/sky-webpack4/app/js/main.js","statementMap":{"0":{"start":{"line":5,"column":0},"end":{"line":9,"column":3}},"1":{"start":{"line":7,"column":2},"end":{"line":7,"column":28}}},"fnMap":{"0":{"name":"(anonymous_0)","decl":{"start":{"line":5,"column":2},"end":{"line":5,"column":3}},"loc":{"start":{"line":5,"column":14},"end":{"line":9,"column":1}},"line":5}},"branchMap":{},"s":{"0":0,"1":0},"f":{"0":0},"b":{}}
,"/Users/Scarecrow/Documents/Projects/sky-webpack4/app/js/math.js": {"path":"/Users/Scarecrow/Documents/Projects/sky-webpack4/app/js/math.js","statementMap":{"0":{"start":{"line":1,"column":19},"end":{"line":1,"column":34}},"1":{"start":{"line":1,"column":29},"end":{"line":1,"column":34}},"2":{"start":{"line":2,"column":19},"end":{"line":2,"column":34}},"3":{"start":{"line":2,"column":29},"end":{"line":2,"column":34}},"4":{"start":{"line":3,"column":19},"end":{"line":3,"column":34}},"5":{"start":{"line":3,"column":29},"end":{"line":3,"column":34}},"6":{"start":{"line":4,"column":19},"end":{"line":4,"column":34}},"7":{"start":{"line":4,"column":29},"end":{"line":4,"column":34}}},"fnMap":{"0":{"name":"(anonymous_0)","decl":{"start":{"line":1,"column":19},"end":{"line":1,"column":20}},"loc":{"start":{"line":1,"column":29},"end":{"line":1,"column":34}},"line":1},"1":{"name":"(anonymous_1)","decl":{"start":{"line":2,"column":19},"end":{"line":2,"column":20}},"loc":{"start":{"line":2,"column":29},"end":{"line":2,"column":34}},"line":2},"2":{"name":"(anonymous_2)","decl":{"start":{"line":3,"column":19},"end":{"line":3,"column":20}},"loc":{"start":{"line":3,"column":29},"end":{"line":3,"column":34}},"line":3},"3":{"name":"(anonymous_3)","decl":{"start":{"line":4,"column":19},"end":{"line":4,"column":20}},"loc":{"start":{"line":4,"column":29},"end":{"line":4,"column":34}},"line":4}},"branchMap":{},"s":{"0":1,"1":1,"2":1,"3":1,"4":1,"5":1,"6":1,"7":1},"f":{"0":1,"1":1,"2":1,"3":1},"b":{},"_coverageSchema":"43e27e138ebf9cfc5966b082cf9a028302ed4184","hash":"11b9807198ce8d195b71fe2e7bd20237dad64c8f"}
}
